2026-01-07 12:31:25,540 - tensorflow - WARNING - From C:\Users\santh\OneDrive\Desktop\hnc\venv\lib\site-packages\keras\src\losses.py:2976: The name tf.losses.sparse_softmax_cross_entropy is deprecated. Please use tf.compat.v1.losses.sparse_softmax_cross_entropy instead.

2026-01-07 12:31:35,865 - backend.main - INFO - Starting AI Safety Layer application...
2026-01-07 12:32:48,369 - tensorflow - WARNING - From C:\Users\santh\OneDrive\Desktop\hnc\venv\lib\site-packages\keras\src\losses.py:2976: The name tf.losses.sparse_softmax_cross_entropy is deprecated. Please use tf.compat.v1.losses.sparse_softmax_cross_entropy instead.

2026-01-07 12:32:53,104 - backend.main - INFO - Starting AI Safety Layer application...
2026-01-07 12:32:53,207 - backend.main - INFO - Database tables created/verified
2026-01-07 12:34:58,256 - backend.main - INFO - Shutting down AI Safety Layer application...
2026-01-08 12:22:56,160 - tensorflow - WARNING - From C:\Users\santh\OneDrive\Desktop\hnc\venv\lib\site-packages\keras\src\losses.py:2976: The name tf.losses.sparse_softmax_cross_entropy is deprecated. Please use tf.compat.v1.losses.sparse_softmax_cross_entropy instead.

2026-01-08 12:23:07,476 - backend.main - INFO - Starting AI Safety Layer application...
2026-01-08 12:23:07,492 - backend.main - INFO - Database tables created/verified
2026-01-08 12:33:31,896 - backend.main - INFO - Shutting down AI Safety Layer application...
2026-01-08 12:33:42,974 - tensorflow - WARNING - From C:\Users\santh\OneDrive\Desktop\hnc\venv\lib\site-packages\keras\src\losses.py:2976: The name tf.losses.sparse_softmax_cross_entropy is deprecated. Please use tf.compat.v1.losses.sparse_softmax_cross_entropy instead.

2026-01-08 12:33:48,383 - backend.main - INFO - Starting AI Safety Layer application...
2026-01-08 12:33:48,386 - backend.main - INFO - Database tables created/verified
2026-01-08 12:38:02,332 - backend.main - INFO - Shutting down AI Safety Layer application...
2026-01-08 12:38:11,689 - tensorflow - WARNING - From C:\Users\santh\OneDrive\Desktop\hnc\venv\lib\site-packages\keras\src\losses.py:2976: The name tf.losses.sparse_softmax_cross_entropy is deprecated. Please use tf.compat.v1.losses.sparse_softmax_cross_entropy instead.

2026-01-08 12:38:16,107 - backend.main - INFO - Starting AI Safety Layer application...
2026-01-08 12:38:16,113 - backend.main - INFO - Database tables created/verified
2026-01-08 12:42:11,571 - ai_modules.emergency_response.emergency_engine - INFO - Emergency a0a16b72-6f3b-4ce0-b203-c4f02ae55b47 initiated: silent_sos
2026-01-08 12:42:11,589 - ai_modules.emergency_response.emergency_engine - INFO - Starting audio capture for emergency a0a16b72-6f3b-4ce0-b203-c4f02ae55b47
2026-01-08 12:42:11,589 - ai_modules.emergency_response.emergency_engine - INFO - Starting video capture for emergency a0a16b72-6f3b-4ce0-b203-c4f02ae55b47
2026-01-08 12:42:34,507 - backend.main - INFO - Shutting down AI Safety Layer application...
2026-01-08 12:46:05,287 - tensorflow - WARNING - From C:\Users\santh\OneDrive\Desktop\hnc\venv\lib\site-packages\keras\src\losses.py:2976: The name tf.losses.sparse_softmax_cross_entropy is deprecated. Please use tf.compat.v1.losses.sparse_softmax_cross_entropy instead.

2026-01-08 12:46:09,421 - backend.main - INFO - Starting AI Safety Layer application...
2026-01-08 12:46:09,435 - backend.main - INFO - Database tables created/verified
2026-01-08 12:46:48,005 - backend.main - INFO - Shutting down AI Safety Layer application...
2026-01-08 12:47:24,153 - tensorflow - WARNING - From C:\Users\santh\OneDrive\Desktop\hnc\venv\lib\site-packages\keras\src\losses.py:2976: The name tf.losses.sparse_softmax_cross_entropy is deprecated. Please use tf.compat.v1.losses.sparse_softmax_cross_entropy instead.

2026-01-08 12:47:30,579 - backend.main - INFO - Starting AI Safety Layer application...
2026-01-08 12:47:30,579 - backend.main - INFO - Database tables created/verified
2026-01-08 13:06:41,667 - backend.main - INFO - Shutting down AI Safety Layer application...
